[BusinessException] PAGE_NOT_FOUND - The request url/page is not found! | meta: []
[BusinessException] PAGE_NOT_FOUND - The request url/page is not found! | meta: []
Error: [2] require(C:\xampp\htdocs\Educational-Institution-Accreditation/app/Views/layouts/main-layouts/homepage.layout.php): Failed to open stream: No such file or directory - C:\xampp\htdocs\Educational-Institution-Accreditation\Core\Controller.php:21
[Unhandled Exception] Failed opening required 'C:\xampp\htdocs\Educational-Institution-Accreditation/app/Views/layouts/main-layouts/homepage.layout.php' (include_path='C:\xampp\php\PEAR')
[Unhandled Exception] Not implemented
[Unhandled Exception] Not implemented
[Unhandled Exception] Not implemented
[Unhandled Exception] Not implemented
[Unhandled Exception] Not implemented
[Unhandled Exception] Not implemented
[Unhandled Exception] Not implemented
[Unhandled Exception] Not implemented
[Unhandled Exception] Call to private Configs\Database\Implementation\MySqlDatabase::__construct() from global scope
[Unhandled Exception] Call to private Configs\Database\Implementation\MySqlDatabase::__construct() from global scope
[BusinessException] TOKEN_INVALID - Invalid token! | meta: []
[BusinessException] TOKEN_INVALID - Invalid token! | meta: []
Error: [2] The magic method Configs\Database\Implementation\MySqlDatabase::__wakeup() must have public visibility - C:\xampp\htdocs\Educational-Institution-Accreditation\Configs\Database\Implementation\MySqlDatabase.php:36
[Unhandled Exception] App\Repositories\Implementations\UserRepository::__construct(): Argument #1 ($db) must be of type Configs\Database\Interfaces\DatabaseInterface, PDO given, called in C:\xampp\htdocs\Educational-Institution-Accreditation\bootstrap\repositories.php on line 24
Error: [2] The magic method Configs\Database\Implementation\MySqlDatabase::__wakeup() must have public visibility - C:\xampp\htdocs\Educational-Institution-Accreditation\Configs\Database\Implementation\MySqlDatabase.php:36
[Unhandled Exception] Call to private Configs\Database\Implementation\MySqlDatabase::__construct() from global scope
Error: [2] The magic method Configs\Database\Implementation\MySqlDatabaseSingleton::__wakeup() must have public visibility - C:\xampp\htdocs\Educational-Institution-Accreditation\Configs\Database\Implementation\MySqlDatabaseSingleton.php:34
Error: [2] The magic method Configs\Database\Implementation\MySqlDatabaseSingleton::__wakeup() must have public visibility - C:\xampp\htdocs\Educational-Institution-Accreditation\Configs\Database\Implementation\MySqlDatabaseSingleton.php:34
Error: [2] The magic method Configs\Database\Implementation\MySqlDatabaseSingleton::__wakeup() must have public visibility - C:\xampp\htdocs\Educational-Institution-Accreditation\Configs\Database\Implementation\MySqlDatabaseSingleton.php:34
